<?xml version="1.0" encoding="utf-8"?><testsuites name="pytest tests"><testsuite name="pytest" errors="0" failures="0" skipped="0" tests="20" time="25.225" timestamp="2026-05-26T20:10:51.182174+00:00" hostname="agent-env-1954cad7-a00b-483c-9a78-3b700df1269e"><testcase classname="backend.tests.test_admin_auth.TestAdminLogin" name="test_non_orgainse_email_rejected" time="1.047" /><testcase classname="backend.tests.test_admin_auth.TestAdminLogin" name="test_invalid_password_returns_401" time="0.358" /><testcase classname="backend.tests.test_admin_auth.TestAdminLogin" name="test_login_with_temp_password_returns_must_change" time="0.562" /><testcase classname="backend.tests.test_admin_auth.TestAdminLogin" name="test_swarag_is_super_admin" time="0.565" /><testcase classname="backend.tests.test_admin_auth.TestAdminLogin" name="test_lockout_after_5_fails" time="1.661" /><testcase classname="backend.tests.test_admin_auth.TestAuthMe" name="test_me_before_change_reports_needs_change" time="1.008" /><testcase classname="backend.tests.test_admin_auth.TestAuthMe" name="test_change_password_clears_flag_and_returns_full_token" time="1.530" /><testcase classname="backend.tests.test_admin_auth.TestAdminUsers" name="test_non_super_admin_cannot_list_users" time="1.504" /><testcase classname="backend.tests.test_admin_auth.TestAdminUsers" name="test_super_admin_lists_users_with_temp_passwords" time="1.264" /><testcase classname="backend.tests.test_admin_auth.TestAdminUsers" name="test_invite_user_creates_admin" time="1.782" /><testcase classname="backend.tests.test_admin_auth.TestAdminUsers" name="test_invite_non_orgainse_email_rejected" time="1.226" /><testcase classname="backend.tests.test_admin_auth.TestAdminUsers" name="test_reset_password_sets_new_temp" time="2.149" /><testcase classname="backend.tests.test_admin_auth.TestAdminUsers" name="test_cannot_delete_self_or_super_admin" time="1.393" /><testcase classname="backend.tests.test_admin_auth.TestAppSettings" name="test_public_endpoint_no_auth_no_secret" time="0.106" /><testcase classname="backend.tests.test_admin_auth.TestAppSettings" name="test_admin_get_returns_masked_resend_key" time="1.262" /><testcase classname="backend.tests.test_admin_auth.TestAppSettings" name="test_put_hosts_and_booking_url_persists" time="1.439" /><testcase classname="backend.tests.test_admin_auth.TestAppSettings" name="test_invalid_resend_key_rejected" time="1.260" /><testcase classname="backend.tests.test_admin_auth.TestAppSettings" name="test_non_super_admin_cannot_get_app_settings" time="1.514" /><testcase classname="backend.tests.test_admin_auth.TestRegression" name="test_admin_leads_listing" time="1.285" /><testcase classname="backend.tests.test_admin_auth.TestRegression" name="test_blog_admin_list_works" time="2.182" /></testsuite></testsuites>