<?xml version="1.0" encoding="utf-8"?><testsuites name="pytest tests"><testsuite name="pytest" errors="0" failures="1" skipped="0" tests="20" time="25.194" timestamp="2026-05-26T19:44:55.323877+00:00" hostname="agent-env-1954cad7-a00b-483c-9a78-3b700df1269e"><testcase classname="backend.tests.test_admin_auth.TestAdminLogin" name="test_non_orgainse_email_rejected" time="1.122" /><testcase classname="backend.tests.test_admin_auth.TestAdminLogin" name="test_invalid_password_returns_401" time="0.362" /><testcase classname="backend.tests.test_admin_auth.TestAdminLogin" name="test_login_with_temp_password_returns_must_change" time="0.576" /><testcase classname="backend.tests.test_admin_auth.TestAdminLogin" name="test_swarag_is_super_admin" time="0.574" /><testcase classname="backend.tests.test_admin_auth.TestAdminLogin" name="test_lockout_after_5_fails" time="1.815"><failure message="AssertionError: expected 429, got 500 (last invalid attempt was 401)&#10;assert 500 == 429&#10; +  where 500 = &lt;Response [500]&gt;.status_code">backend/tests/test_admin_auth.py:135: in test_lockout_after_5_fails
    assert r.status_code == 429, f"expected 429, got {r.status_code} (last invalid attempt was {last_status})"
E   AssertionError: expected 429, got 500 (last invalid attempt was 401)
E   assert 500 == 429
E    +  where 500 = &lt;Response [500]&gt;.status_code</failure></testcase><testcase classname="backend.tests.test_admin_auth.TestAuthMe" name="test_me_before_change_reports_needs_change" time="0.694" /><testcase classname="backend.tests.test_admin_auth.TestAuthMe" name="test_change_password_clears_flag_and_returns_full_token" time="1.606" /><testcase classname="backend.tests.test_admin_auth.TestAdminUsers" name="test_non_super_admin_cannot_list_users" time="1.528" /><testcase classname="backend.tests.test_admin_auth.TestAdminUsers" name="test_super_admin_lists_users_with_temp_passwords" time="1.241" /><testcase classname="backend.tests.test_admin_auth.TestAdminUsers" name="test_invite_user_creates_admin" time="1.698" /><testcase classname="backend.tests.test_admin_auth.TestAdminUsers" name="test_invite_non_orgainse_email_rejected" time="1.306" /><testcase classname="backend.tests.test_admin_auth.TestAdminUsers" name="test_reset_password_sets_new_temp" time="2.206" /><testcase classname="backend.tests.test_admin_auth.TestAdminUsers" name="test_cannot_delete_self_or_super_admin" time="1.361" /><testcase classname="backend.tests.test_admin_auth.TestAppSettings" name="test_public_endpoint_no_auth_no_secret" time="0.103" /><testcase classname="backend.tests.test_admin_auth.TestAppSettings" name="test_admin_get_returns_masked_resend_key" time="1.275" /><testcase classname="backend.tests.test_admin_auth.TestAppSettings" name="test_put_hosts_and_booking_url_persists" time="1.368" /><testcase classname="backend.tests.test_admin_auth.TestAppSettings" name="test_invalid_resend_key_rejected" time="1.219" /><testcase classname="backend.tests.test_admin_auth.TestAppSettings" name="test_non_super_admin_cannot_get_app_settings" time="1.483" /><testcase classname="backend.tests.test_admin_auth.TestRegression" name="test_admin_leads_listing" time="1.297" /><testcase classname="backend.tests.test_admin_auth.TestRegression" name="test_blog_admin_list_works" time="2.185" /></testsuite></testsuites>