<?xml version="1.0" encoding="utf-8"?><testsuites name="pytest tests"><testsuite name="pytest" errors="0" failures="0" skipped="0" tests="14" time="1.718" timestamp="2026-05-26T18:11:35.159156+00:00" hostname="agent-env-1954cad7-a00b-483c-9a78-3b700df1269e"><testcase classname="backend.tests.test_blog_cms.TestAuth" name="test_post_blog_admin_without_token_returns_401" time="0.215" /><testcase classname="backend.tests.test_blog_cms.TestAuth" name="test_get_blog_admin_without_token_returns_401" time="0.055" /><testcase classname="backend.tests.test_blog_cms.TestBlogCRUD" name="test_01_create_published_post" time="0.338" /><testcase classname="backend.tests.test_blog_cms.TestBlogCRUD" name="test_02_public_blog_list_returns_published" time="0.049" /><testcase classname="backend.tests.test_blog_cms.TestBlogCRUD" name="test_03_public_get_by_slug" time="0.055" /><testcase classname="backend.tests.test_blog_cms.TestBlogCRUD" name="test_04_public_get_by_slug_not_found_returns_404" time="0.056" /><testcase classname="backend.tests.test_blog_cms.TestBlogCRUD" name="test_05_create_draft_and_assert_hidden_from_public" time="0.191" /><testcase classname="backend.tests.test_blog_cms.TestBlogCRUD" name="test_06_admin_list_includes_drafts" time="0.054" /><testcase classname="backend.tests.test_blog_cms.TestBlogCRUD" name="test_07_admin_get_by_id_returns_full_content" time="0.053" /><testcase classname="backend.tests.test_blog_cms.TestBlogCRUD" name="test_08_update_post" time="0.108" /><testcase classname="backend.tests.test_blog_cms.TestBlogCRUD" name="test_09_slug_uniqueness_on_create" time="0.054" /><testcase classname="backend.tests.test_blog_cms.TestBlogCRUD" name="test_10_reject_unsupported_image_mime" time="0.050" /><testcase classname="backend.tests.test_blog_cms.TestBlogCRUD" name="test_11_delete_posts" time="0.217" /><testcase classname="backend.tests.test_blog_cms.TestBlogCRUD" name="test_12_delete_nonexistent_returns_404" time="0.054" /></testsuite></testsuites>