<?xml version="1.0" encoding="utf-8"?><testsuites name="pytest tests"><testsuite name="pytest" errors="0" failures="0" skipped="0" tests="11" time="6.133" timestamp="2026-05-26T20:10:39.950737+00:00" hostname="agent-env-1954cad7-a00b-483c-9a78-3b700df1269e"><testcase classname="backend.tests.test_launch_and_host_profile.TestLaunchAtFields" name="test_put_next_blog_launch_at_persists" time="1.548" /><testcase classname="backend.tests.test_launch_and_host_profile.TestLaunchAtFields" name="test_put_next_newsletter_launch_at_persists" time="0.213" /><testcase classname="backend.tests.test_launch_and_host_profile.TestLaunchAtFields" name="test_clear_launch_at_with_empty_string" time="0.335" /><testcase classname="backend.tests.test_launch_and_host_profile.TestLaunchAtFields" name="test_non_super_admin_cannot_put_launch_at" time="1.305" /><testcase classname="backend.tests.test_launch_and_host_profile.TestAdminUserProfile" name="test_list_returns_new_profile_fields" time="0.099" /><testcase classname="backend.tests.test_launch_and_host_profile.TestAdminUserProfile" name="test_pre_seeded_hosts_are_live" time="0.104" /><testcase classname="backend.tests.test_launch_and_host_profile.TestAdminUserProfile" name="test_update_host_profile_persists_all_fields" time="0.632" /><testcase classname="backend.tests.test_launch_and_host_profile.TestAdminUserProfile" name="test_partial_update_does_not_clear_other_fields" time="0.221" /><testcase classname="backend.tests.test_launch_and_host_profile.TestAdminUserProfile" name="test_non_super_admin_cannot_put_admin_user" time="0.129" /><testcase classname="backend.tests.test_launch_and_host_profile.TestPublicHostSource" name="test_derived_hosts_when_any_admin_show_as_host" time="0.108" /><testcase classname="backend.tests.test_launch_and_host_profile.TestPublicHostSource" name="test_fallback_to_legacy_hosts_when_no_admin_is_host" time="1.299" /></testsuite></testsuites>