<?xml version="1.0" encoding="utf-8"?><testsuites name="pytest tests"><testsuite name="pytest" errors="0" failures="0" skipped="0" tests="18" time="2.959" timestamp="2026-05-26T18:55:47.623965+00:00" hostname="agent-env-1954cad7-a00b-483c-9a78-3b700df1269e"><testcase classname="backend.tests.test_newsletter.TestIssues" name="test_create_requires_auth" time="0.208" /><testcase classname="backend.tests.test_newsletter.TestIssues" name="test_created_issue_persists" time="0.386" /><testcase classname="backend.tests.test_newsletter.TestIssues" name="test_public_list_excludes_drafts" time="0.049" /><testcase classname="backend.tests.test_newsletter.TestIssues" name="test_public_get_draft_returns_404" time="0.055" /><testcase classname="backend.tests.test_newsletter.TestIssues" name="test_public_list_returns_seed" time="0.048" /><testcase classname="backend.tests.test_newsletter.TestIssues" name="test_public_get_by_slug" time="0.054" /><testcase classname="backend.tests.test_newsletter.TestIssues" name="test_update_issue" time="0.128" /><testcase classname="backend.tests.test_newsletter.TestIssues" name="test_slug_uniqueness_on_update" time="0.166" /><testcase classname="backend.tests.test_newsletter.TestIssues" name="test_delete_issue" time="0.146" /><testcase classname="backend.tests.test_newsletter.TestSubscribers" name="test_list_requires_auth" time="0.048" /><testcase classname="backend.tests.test_newsletter.TestSubscribers" name="test_list_counts" time="0.051" /><testcase classname="backend.tests.test_newsletter.TestSubscribers" name="test_create_update_delete_subscriber" time="0.209" /><testcase classname="backend.tests.test_newsletter.TestSubscribers" name="test_csv_export" time="0.051" /><testcase classname="backend.tests.test_newsletter.TestSubscribers" name="test_public_signup_regression" time="0.161" /><testcase classname="backend.tests.test_newsletter.TestSegments" name="test_segment_crud_and_tag_strip" time="0.312" /><testcase classname="backend.tests.test_newsletter.TestSend" name="test_send_test_email" time="0.288" /><testcase classname="backend.tests.test_newsletter.TestUnsubscribe" name="test_invalid_token" time="0.118" /><testcase classname="backend.tests.test_newsletter.TestUnsubscribe" name="test_full_unsubscribe_flow" time="0.325" /></testsuite></testsuites>